QuestaSim-64 qrun 2025.2 Utility 2025.05 May 31 2025
Start time: 11:54:47 on Mar 28,2026
qrun -batch -access=rw+/. -uvmhome uvm-1.2 -timescale 1ns/1ns -mfcu design.sv testbench.sv -do "run.do" -do "run.do" 
** Note: (qrun-220) 'modelsim.ini' is used as the ini file.
Creating library 'qrun.out/work'.
Mapping library 'mtiUvm' to 'qrun.out/work'.
** Note: (vmap-220) 'modelsim.ini' is used as the ini file.
QuestaSim-64 vlog 2025.2 Compiler 2025.05 May 31 2025
Start time: 11:54:47 on Mar 28,2026
vlog -timescale 1ns/1ns -mfcu -ccflags "-Wno-missing-declarations" -ccflags "-Wno-maybe-uninitialized" -ccflags "-Wno-return-type" -ccflags "-DQUESTA" /usr/share/questa/questasim/verilog_src/uvm-1.2/src/dpi/uvm_dpi.cc /usr/share/questa/questasim/verilog_src/uvm-1.2/src/uvm_pkg.sv /usr/share/questa/questasim/verilog_src/questa_uvm_pkg-1.2/src/questa_uvm_pkg.sv design.sv testbench.sv -work qrun.out/work "+incdir+/usr/share/questa/questasim/verilog_src/uvm-1.2/src" -statslog qrun.out/stats_log -csession=incr 
** Note: (vlog-220) 'modelsim.ini' is used as the ini file.
-- Compiling package uvm_pkg (uvm-1.2 Built-in)
-- Compiling package questa_uvm_pkg
-- Importing package uvm_pkg (uvm-1.2 Built-in)
-- Compiling module dummy_dut
-- Compiling interface i2c_if
-- Compiling package i2c_uvm_pkg
-- Compiling package uvm_pkg_sv_unit
-- Importing package uvm_pkg (uvm-1.2 Built-in)
-- Importing package i2c_uvm_pkg
-- Compiling module tb_top

Top level modules:
	dummy_dut
	tb_top
** Note: (vlog-7082) For C/C++ auto compile, choosing compiler /usr/bin/g++ set from the PATH environment variable.
-- Compiling DPI/PLI C++ file /usr/share/questa/questasim/verilog_src/uvm-1.2/src/dpi/uvm_dpi.cc
End time: 11:54:50 on Mar 28,2026, Elapsed time: 0:00:03
Errors: 0, Warnings: 0
QuestaSim-64 vopt 2025.2 Compiler 2025.05 May 31 2025
Start time: 11:54:50 on Mar 28,2026
vopt -access=rw+/. -timescale 1ns/1ns -mfcu -findtoplevels qrun.out/work+2+ -work qrun.out/work -statslog qrun.out/stats_log -csession=incr -o qrun_opt -csessionid=3 
** Note: (vopt-220) 'modelsim.ini' is used as the ini file.

Top level modules:
	dummy_dut
	tb_top

Analyzing design...
-- Loading module dummy_dut
-- Loading module tb_top
-- Loading package questa_uvm_pkg
-- Loading interface i2c_if
Optimizing 8 design-units (inlining 1/3 module instances):
-- Optimizing package uvm_pkg (uvm-1.2 Built-in)(fast)
-- Optimizing package questa_uvm_pkg(fast)
-- Optimizing package i2c_uvm_pkg(fast)
-- Optimizing package uvm_pkg_sv_unit(fast)
-- Inlining interface i2c_if(fast__2)
-- Optimizing module tb_top(fast)
-- Optimizing interface i2c_if(fast)
-- Optimizing module dummy_dut(fast)
Optimized design name is qrun_opt
End time: 11:54:57 on Mar 28,2026, Elapsed time: 0:00:07
Errors: 0, Warnings: 0
# ** Note: (vsim-220) 'modelsim.ini' is used as the ini file.
# vsim -batch -lib qrun.out/work -do "run.do" -statslog qrun.out/stats_log qrun_opt -appendlog -l qrun.log 
# Start time: 11:54:58 on Mar 28,2026
# Loading /tmp/root@371ff9d30bb1_dpi_36/linux_x86_64_gcc-11/export_tramp.so
# //  Questa Sim-64
# //  Version 2025.2 linux_x86_64 May 31 2025
# //
# // Unpublished work. Copyright 2025 Siemens
# //
# // This material contains trade secrets or otherwise confidential information
# // owned by Siemens Industry Software Inc. or its affiliates (collectively,
# // "SISW"), or its licensors. Access to and use of this information is strictly
# // limited as set forth in the Customer's applicable agreements with SISW.
# //
# // This material may not be copied, distributed, or otherwise disclosed outside
# // of the Customer's facilities without the express written permission of SISW,
# // and may not be used in any way not expressly authorized by SISW.
# //
# Loading sv_std.std
# Loading work.i2c_if(fast)
# Loading work.uvm_pkg(fast)
# Loading work.i2c_uvm_pkg(fast)
# Loading work.uvm_pkg_sv_unit(fast)
# Loading work.questa_uvm_pkg(fast)
# Loading work.dummy_dut(fast)
# Loading work.tb_top(fast)
# ** Note: (vsim-7082) For C/C++ auto compile, choosing compiler /usr/bin/g++ set from the PATH environment variable.
# Compiling /tmp/root@371ff9d30bb1_dpi_36/linux_x86_64_gcc-11/exportwrapper.c
# Loading /tmp/root@371ff9d30bb1_dpi_36/linux_x86_64_gcc-11/vsim_auto_compile.so
# 
# do run.do
# UVM_INFO /usr/share/questa/questasim/verilog_src/uvm-1.2/src/base/uvm_root.svh(392) @ 0: reporter [UVM/RELNOTES] 
# ----------------------------------------------------------------
# UVM-1.2
# (C) 2007-2014 Mentor Graphics Corporation
# (C) 2007-2014 Cadence Design Systems, Inc.
# (C) 2006-2014 Synopsys, Inc.
# (C) 2011-2013 Cypress Semiconductor Corp.
# (C) 2013-2014 NVIDIA Corporation
# ----------------------------------------------------------------
# 
#   ***********       IMPORTANT RELEASE NOTES         ************
# 
#   You are using a version of the UVM library that has been compiled
#   with `UVM_NO_DEPRECATED undefined.
#   See http://www.eda.org/svdb/view.php?id=3313 for more details.
# 
#   You are using a version of the UVM library that has been compiled
#   with `UVM_OBJECT_DO_NOT_NEED_CONSTRUCTOR undefined.
#   See http://www.eda.org/svdb/view.php?id=3770 for more details.
# 
#       (Specify +UVM_NO_RELNOTES to turn off this notice)
# 
# UVM_INFO /usr/share/questa/questasim/verilog_src/questa_uvm_pkg-1.2/src/questa_uvm_pkg.sv(277) @ 0: reporter [Questa UVM] QUESTA_UVM-1.2.3
# UVM_INFO /usr/share/questa/questasim/verilog_src/questa_uvm_pkg-1.2/src/questa_uvm_pkg.sv(278) @ 0: reporter [Questa UVM]  questa_uvm::init(+struct)
# UVM_INFO @ 0: reporter [RNTST] Running test i2c_write_test...
# UVM_INFO i2c_uvm_pkg.sv(188) @ 0: uvm_test_top.env.master.drv [DRV] Driving addr=0x50 dir=WRITE bytes=2 [0]=0xa5 [1]=0x5a
# UVM_INFO i2c_uvm_pkg.sv(320) @ 175: uvm_test_top.env.slave [SLV] START addr=0x50 dir=WRITE
# UVM_INFO i2c_uvm_pkg.sv(330) @ 355: uvm_test_top.env.slave [SLV] WRITE data[0]=0xa5
# UVM_INFO i2c_uvm_pkg.sv(330) @ 535: uvm_test_top.env.slave [SLV] WRITE data[1]=0x5a
# UVM_INFO i2c_uvm_pkg.sv(447) @ 595: uvm_test_top.env.mon [MON] Observed addr=0x50 dir=WRITE bytes=2 [0]=0xa5 [1]=0x5a
# UVM_INFO i2c_uvm_pkg.sv(336) @ 595: uvm_test_top.env.slave [SLV] STOP detected after WRITE
# UVM_INFO i2c_uvm_pkg.sv(489) @ 595: uvm_test_top.env.scb [SCB] PASS: addr=0x50 dir=WRITE bytes=2 [0]=0xa5 [1]=0x5a
# UVM_INFO /usr/share/questa/questasim/verilog_src/uvm-1.2/src/base/uvm_objection.svh(1270) @ 805: reporter [TEST_DONE] 'run' phase is ready to proceed to the 'extract' phase
# UVM_INFO i2c_uvm_pkg.sv(501) @ 805: uvm_test_top.env.scb [SCB] Scoreboard summary: pass=1 fail=0
# UVM_INFO /usr/share/questa/questasim/verilog_src/uvm-1.2/src/base/uvm_report_server.svh(847) @ 805: reporter [UVM/REPORT/SERVER] 
# --- UVM Report Summary ---
# 
# ** Report counts by severity
# UVM_INFO :   13
# UVM_WARNING :    0
# UVM_ERROR :    0
# UVM_FATAL :    0
# ** Report counts by id
# [DRV]     1
# [MON]     1
# [Questa UVM]     2
# [RNTST]     1
# [SCB]     2
# [SLV]     4
# [TEST_DONE]     1
# [UVM/RELNOTES]     1
# 
# ** Note: $finish    : /usr/share/questa/questasim/verilog_src/uvm-1.2/src/base/uvm_root.svh(517)
#    Time: 805 ns  Iteration: 69  Instance: /tb_top
# End time: 11:55:00 on Mar 28,2026, Elapsed time: 0:00:02
# Errors: 0, Warnings: 0
End time: 11:55:00 on Mar 28,2026, Elapsed time: 0:00:13
*** Summary *********************************************
    qrun: Errors:   0, Warnings:   0
    vlog: Errors:   0, Warnings:   0
    vopt: Errors:   0, Warnings:   0
    vsim: Errors:   0, Warnings:   0
  Totals: Errors:   0, Warnings:   0
